2025-04-11 07:07:33,325 INFO    MainThread:4125824 [wandb_setup.py:_flush():67] Current SDK version is 0.19.9
2025-04-11 07:07:33,325 INFO    MainThread:4125824 [wandb_setup.py:_flush():67] Configure stats pid to 4125824
2025-04-11 07:07:33,325 INFO    MainThread:4125824 [wandb_setup.py:_flush():67] Loading settings from /root/.config/wandb/settings
2025-04-11 07:07:33,325 INFO    MainThread:4125824 [wandb_setup.py:_flush():67] Loading settings from /home/wuyicong/wyc/graph_reasoning/zero/TinyZero/TinyZero/wandb/settings
2025-04-11 07:07:33,325 INFO    MainThread:4125824 [wandb_setup.py:_flush():67] Loading settings from environment variables
2025-04-11 07:07:33,325 INFO    MainThread:4125824 [wandb_init.py:setup_run_log_directory():662] Logging user logs to /home/wuyicong/wyc/graph_reasoning/zero/TinyZero/TinyZero/wandb/run-20250411_070733-vzjk8f8m/logs/debug.log
2025-04-11 07:07:33,325 INFO    MainThread:4125824 [wandb_init.py:setup_run_log_directory():663] Logging internal logs to /home/wuyicong/wyc/graph_reasoning/zero/TinyZero/TinyZero/wandb/run-20250411_070733-vzjk8f8m/logs/debug-internal.log
2025-04-11 07:07:33,325 INFO    MainThread:4125824 [wandb_init.py:init():781] calling init triggers
2025-04-11 07:07:33,325 INFO    MainThread:4125824 [wandb_init.py:init():786] wandb.init called with sweep_config: {}
config: {'data': {'tokenizer': None, 'train_files': './data/countdown/train.parquet', 'val_files': './data/countdown/test.parquet', 'prompt_key': 'prompt', 'max_prompt_length': 256, 'max_response_length': 1024, 'train_batch_size': 32, 'val_batch_size': 32, 'return_raw_input_ids': False, 'return_raw_chat': False}, 'actor_rollout_ref': {'hybrid_engine': True, 'model': {'path': '/home/wuyicong/wyc/graph_reasoning/model/DeepSeek_R1_Distill_Qwen_1.5B', 'external_lib': None, 'override_config': {}, 'enable_gradient_checkpointing': True, 'use_remove_padding': True}, 'actor': {'strategy': 'fsdp', 'ppo_mini_batch_size': 32, 'ppo_micro_batch_size': 8, 'use_dynamic_bsz': False, 'ppo_max_token_len_per_gpu': 16384, 'grad_clip': 1.0, 'clip_ratio': 0.2, 'entropy_coeff': 0.001, 'use_kl_loss': True, 'kl_loss_coef': 0.001, 'kl_loss_type': 'low_var_kl', 'ppo_epochs': 1, 'shuffle': False, 'ulysses_sequence_parallel_size': 1, 'optim': {'lr': 1e-06, 'lr_warmup_steps_ratio': 0.0, 'min_lr_ratio': None, 'warmup_style': 'constant', 'total_training_steps': 153600}, 'fsdp_config': {'wrap_policy': {'min_num_params': 0}, 'param_offload': False, 'grad_offload': False, 'optimizer_offload': False, 'fsdp_size': -1}}, 'ref': {'fsdp_config': {'param_offload': True, 'wrap_policy': {'min_num_params': 0}, 'fsdp_size': -1}, 'log_prob_micro_batch_size': 8, 'log_prob_use_dynamic_bsz': False, 'log_prob_max_token_len_per_gpu': 16384, 'ulysses_sequence_parallel_size': 1}, 'rollout': {'name': 'vllm', 'temperature': 1.0, 'top_k': -1, 'top_p': 1, 'prompt_length': 256, 'response_length': 1024, 'dtype': 'bfloat16', 'gpu_memory_utilization': 0.6, 'ignore_eos': False, 'enforce_eager': True, 'free_cache_engine': True, 'load_format': 'dummy_dtensor', 'tensor_model_parallel_size': 2, 'max_num_batched_tokens': 8192, 'max_num_seqs': 1024, 'log_prob_micro_batch_size': 8, 'log_prob_use_dynamic_bsz': False, 'log_prob_max_token_len_per_gpu': 16384, 'do_sample': True, 'n': 5}}, 'critic': {'strategy': 'fsdp', 'optim': {'lr': 1e-05, 'lr_warmup_steps_ratio': 0.0, 'min_lr_ratio': None, 'warmup_style': 'constant', 'total_training_steps': 153600}, 'model': {'path': '~/models/deepseek-llm-7b-chat', 'tokenizer_path': '/home/wuyicong/wyc/graph_reasoning/model/DeepSeek_R1_Distill_Qwen_1.5B', 'override_config': {}, 'external_lib': None, 'enable_gradient_checkpointing': False, 'use_remove_padding': False, 'fsdp_config': {'param_offload': False, 'grad_offload': False, 'optimizer_offload': False, 'wrap_policy': {'min_num_params': 0}, 'fsdp_size': -1}}, 'ppo_mini_batch_size': 32, 'ppo_micro_batch_size': 64, 'forward_micro_batch_size': 64, 'use_dynamic_bsz': False, 'ppo_max_token_len_per_gpu': 32768, 'forward_max_token_len_per_gpu': 32768, 'ulysses_sequence_parallel_size': 1, 'ppo_epochs': 1, 'shuffle': False, 'grad_clip': 1.0, 'cliprange_value': 0.5}, 'reward_model': {'enable': False, 'strategy': 'fsdp', 'model': {'input_tokenizer': '/home/wuyicong/wyc/graph_reasoning/model/DeepSeek_R1_Distill_Qwen_1.5B', 'path': '~/models/FsfairX-LLaMA3-RM-v0.1', 'external_lib': None, 'use_remove_padding': False, 'fsdp_config': {'min_num_params': 0, 'param_offload': False}}, 'micro_batch_size': 64, 'max_length': None, 'ulysses_sequence_parallel_size': 1, 'use_dynamic_bsz': False, 'forward_max_token_len_per_gpu': 32768}, 'algorithm': {'gamma': 1.0, 'lam': 1.0, 'adv_estimator': 'grpo', 'kl_penalty': 'kl', 'kl_ctrl': {'type': 'fixed', 'kl_coef': 0.001}}, 'trainer': {'total_epochs': 15, 'total_training_steps': None, 'project_name': 'TinyZero', 'experiment_name': 'countdown-qwen2.5-1.5b-grpo', 'logger': ['wandb'], 'nnodes': 1, 'n_gpus_per_node': 2, 'save_freq': 10, 'test_freq': 10, 'critic_warmup': 0, 'default_hdfs_dir': None, 'default_local_dir': 'checkpoints/TinyZero/countdown-qwen2.5-1.5b-grpo', 'val_before_train': False}, '_wandb': {}}
2025-04-11 07:07:33,326 INFO    MainThread:4125824 [wandb_init.py:init():809] starting backend
2025-04-11 07:07:33,326 INFO    MainThread:4125824 [wandb_init.py:init():813] sending inform_init request
2025-04-11 07:07:33,328 INFO    MainThread:4125824 [backend.py:_multiprocessing_setup():101] multiprocessing start_methods=fork,spawn,forkserver, using: spawn
2025-04-11 07:07:33,328 INFO    MainThread:4125824 [wandb_init.py:init():823] backend started and connected
2025-04-11 07:07:33,333 INFO    MainThread:4125824 [wandb_init.py:init():915] updated telemetry
2025-04-11 07:07:33,396 INFO    MainThread:4125824 [wandb_init.py:init():939] communicating run to backend with 90.0 second timeout
2025-04-11 07:07:34,277 INFO    MainThread:4125824 [wandb_init.py:init():1014] starting run threads in backend
2025-04-11 07:07:34,462 INFO    MainThread:4125824 [wandb_run.py:_console_start():2454] atexit reg
2025-04-11 07:07:34,464 INFO    MainThread:4125824 [wandb_run.py:_redirect():2306] redirect: wrap_raw
2025-04-11 07:07:34,465 INFO    MainThread:4125824 [wandb_run.py:_redirect():2371] Wrapping output streams.
2025-04-11 07:07:34,466 INFO    MainThread:4125824 [wandb_run.py:_redirect():2394] Redirects installed.
2025-04-11 07:07:34,470 INFO    MainThread:4125824 [wandb_init.py:init():1056] run started, returning control to user process
2025-04-11 07:08:39,963 WARNING MsgRouterThr:4125824 [router.py:message_loop():63] [no run ID] message_loop has been closed
Traceback (most recent call last):
  File "/home/wuyicong/conda/envs/zero/lib/python3.9/site-packages/wandb/sdk/interface/router_sock.py", line 27, in _read_message
    return self._sock_client.read_server_response(timeout=1)
  File "/home/wuyicong/conda/envs/zero/lib/python3.9/site-packages/wandb/sdk/lib/sock_client.py", line 235, in read_server_response
    data = self._read_packet_bytes(timeout=timeout)
  File "/home/wuyicong/conda/envs/zero/lib/python3.9/site-packages/wandb/sdk/lib/sock_client.py", line 220, in _read_packet_bytes
    raise SockClientClosedError
wandb.sdk.lib.sock_client.SockClientClosedError

The above exception was the direct cause of the following exception:

Traceback (most recent call last):
  File "/home/wuyicong/conda/envs/zero/lib/python3.9/site-packages/wandb/sdk/interface/router.py", line 56, in message_loop
    msg = self._read_message()
  File "/home/wuyicong/conda/envs/zero/lib/python3.9/site-packages/wandb/sdk/interface/router_sock.py", line 29, in _read_message
    raise MessageRouterClosedError from e
wandb.sdk.interface.router.MessageRouterClosedError
2025-04-11 07:08:39,964 INFO    MsgRouterThr:4125824 [mailbox.py:close():129] [no run ID] Closing mailbox, abandoning 1 handles.
